<?xml version="1.0" encoding="UTF-8"?>
<testsuite xmlns:xsi="http://www.w3.org/2001/XMLSchema-instance" xsi:noNamespaceSchemaLocation="https://maven.apache.org/surefire/maven-surefire-plugin/xsd/surefire-test-report.xsd" name="AddressResolverTest" time="0.146" tests="1" errors="1" skipped="0" failures="0">
  <properties>
[...]
</properties>
  <testcase name="findAddressForLocationTest" classname="AddressResolverTest" time="0.142">
    <error type="java.lang.NullPointerException">java.lang.NullPointerException
	at AddressResolverTest.findAddressForLocationTest(AddressResolverTest.java:22)
</error>
    <system-out><![CDATA[JSON is: >null<
]]></system-out>
    <system-err><![CDATA[ url is --> http://open.mapquestapi.com/geocoding/v1/reverse?key=uXSAVwYWbf9tJmsjEGHKKAo0gOjZfBLQ&location=30.333472%2C-81.470448&includeRoadMetadata=true <--
]]></system-err>
  </testcase>
</testsuite>